C51 COMPILER V9.51   BTN                                                                   09/06/2024 13:38:41 PAGE 1   


C51 COMPILER V9.51, COMPILATION OF MODULE BTN
OBJECT MODULE PLACED IN btn.obj
COMPILER INVOKED BY: D:\My_repositories\dcpt2\STC_bin\c51\C51\BIN\C51.EXE source\btn.c BROWSE INCDIR(.\inc) DEBUG OBJECT
                    -EXTEND PRINT(.\btn.lst) OBJECT(btn.obj)

line level    source

   1          #include "STC15F2K60S2.H"
   2          #include "motor.h"
   3          #include "btooth.h"
   4          #include "dis.h"
   5          #include "btn.h"
   6          #include "buzzer.h"
   7          #include "ir_re.h"
   8          #include "vibration.h"
   9          
  10          #include "direct.h"
  11          #include "speed.h"
  12          #include "model.h"
  13          
  14          
  15          #include "uart2.h"
  16          #include "uart1.h"
  17          #include "sys.H"                 
  18          #include "Key.h"
  19          #include "displayer.H" 
  20          #include "Beep.h"
  21          #include "ir.h"
  22          #include "vib.H"
  23          
  24          void set_btn_info()
  25          {
  26   1              if(GetKeyAct(enumKey2) == enumKeyPress)
  27   1              {
  28   2                      my_model++;
  29   2                      my_model %= 3;
  30   2              }
  31   1              else if(GetKeyAct(enumKey1) == enumKeyPress)
  32   1              {
  33   2                      Compare++;
  34   2                      if(Compare == 11)  Compare = 1;
  35   2              }
  36   1              
  37   1              switch (my_model)
  38   1              {
  39   2                      case bluetooth:
  40   2                              init_btooth();
  41   2                              break;
  42   2                      case ir:
  43   2                              init_ir();
  44   2                              break;
  45   2                      case rs485:
  46   2                              break;
  47   2              }
  48   1              
  49   1      }
  50          
  51          
  52          void init_btn()
  53          {
  54   1              KeyInit();
C51 COMPILER V9.51   BTN                                                                   09/06/2024 13:38:41 PAGE 2   

  55   1              
  56   1              SetEventCallBack(enumEventKey, set_btn_info);
  57   1      }
  58          


MODULE INFORMATION:   STATIC OVERLAYABLE
   CODE SIZE        =     68    ----
   CONSTANT SIZE    =   ----    ----
   XDATA SIZE       =   ----    ----
   PDATA SIZE       =   ----    ----
   DATA SIZE        =   ----    ----
   IDATA SIZE       =   ----    ----
   BIT SIZE         =   ----    ----
END OF MODULE INFORMATION.


C51 COMPILATION COMPLETE.  0 WARNING(S),  0 ERROR(S)
