C51 COMPILER V9.51   BTOOTH                                                                09/06/2024 13:38:41 PAGE 1   


C51 COMPILER V9.51, COMPILATION OF MODULE BTOOTH
OBJECT MODULE PLACED IN btooth.obj
COMPILER INVOKED BY: D:\My_repositories\dcpt2\STC_bin\c51\C51\BIN\C51.EXE source\btooth.c BROWSE INCDIR(.\inc) DEBUG OBJ
                    -ECTEXTEND PRINT(.\btooth.lst) OBJECT(btooth.obj)

line level    source

   1          #include "STC15F2K60S2.H"
   2          #include "motor.h"
   3          #include "btooth.h"
   4          #include "dis.h"
   5          #include "btn.h"
   6          #include "buzzer.h"
   7          #include "ir_re.h"
   8          #include "vibration.h"
   9          #include "light.h"
  10          
  11          #include "direct.h"
  12          #include "speed.h"
  13          #include "model.h"
  14          
  15          
  16          #include "uart2.h"
  17          #include "uart1.h"
  18          #include "sys.H"                 
  19          #include "Key.h"
  20          #include "displayer.H" 
  21          #include "Beep.h"
  22          #include "ir.h"
  23          #include "vib.H"
  24          
  25          extern enum direct my_direct;
  26          unsigned char buffer[1], *match;
  27          
  28          void set_speed_and_direct()
  29          {
  30   1              unsigned char inst = buffer[0];
  31   1              
  32   1              if (inst > 0x20) make_noise();
  33   1              else if(inst > 0x10) Compare = inst & 0x0f; 
  34   1              else my_direct = inst;
  35   1                
  36   1      }
  37          
  38          void sent_temp_and_light()
  39          {
  40   1              Uart2Print(buffer_adc, 2);
  41   1      }
  42          
  43          void init_btooth()
  44          {
  45   1              Uart2Init(9600, Uart2UsedforEXT);
  46   1              SetUart2Rxd(buffer, 1, match, 0);
  47   1              
  48   1              SetEventCallBack(enumEventUart2Rxd, set_speed_and_direct);
  49   1              SetEventCallBack(enumEventSys1S, sent_temp_and_light);
  50   1      }


MODULE INFORMATION:   STATIC OVERLAYABLE
   CODE SIZE        =    103    ----
C51 COMPILER V9.51   BTOOTH                                                                09/06/2024 13:38:41 PAGE 2   

   CONSTANT SIZE    =   ----    ----
   XDATA SIZE       =   ----    ----
   PDATA SIZE       =   ----    ----
   DATA SIZE        =      4       1
   IDATA SIZE       =   ----    ----
   BIT SIZE         =   ----    ----
END OF MODULE INFORMATION.


C51 COMPILATION COMPLETE.  0 WARNING(S),  0 ERROR(S)
