C51 COMPILER V9.51   LIGHT                                                                 09/06/2024 13:38:41 PAGE 1   


C51 COMPILER V9.51, COMPILATION OF MODULE LIGHT
OBJECT MODULE PLACED IN light.obj
COMPILER INVOKED BY: D:\My_repositories\dcpt2\STC_bin\c51\C51\BIN\C51.EXE source\light.c BROWSE INCDIR(.\inc) DEBUG OBJE
                    -CTEXTEND PRINT(.\light.lst) OBJECT(light.obj)

line level    source

   1          #include "STC15F2K60S2.H"
   2          #include "motor.h"
   3          #include "btooth.h"
   4          #include "dis.h"
   5          #include "btn.h"
   6          #include "buzzer.h"
   7          #include "ir_re.h"
   8          #include "vibration.h"
   9          #include "light.h"
  10          
  11          #include "direct.h"
  12          #include "speed.h"
  13          #include "model.h"
  14          
  15          
  16          #include "uart2.h"
  17          #include "uart1.h"
  18          #include "sys.H"                 
  19          #include "Key.h"
  20          #include "displayer.H" 
  21          #include "Beep.h"
  22          #include "ir.h"
  23          #include "vib.H"
  24          
  25          
  26          int code tempdata[] = {239, 197, 175, 160, 150, 142, 135, 129, 124, 120, 116, 113, 109, 107, 104, 101,
  27                                 99, 97, 95, 93, 91, 90, 88, 86, 85, 84, 82, 81, 80, 78, 77, 76,
  28                                 75, 74, 73, 72, 71, 70, 69, 68, 67, 67, 66, 65, 64, 63, 63, 62,
  29                                 61, 61, 60, 59, 58, 58, 57, 57, 56, 55, 55, 54, 54, 53, 52, 52,
  30                                 51, 51, 50, 50, 49, 49, 48, 48, 47, 47, 46, 46, 45, 45, 44, 44,
  31                                 43, 43, 42, 42, 41, 41, 41, 40, 40, 39, 39, 38, 38, 38, 37, 37,
  32                                 36, 36, 36, 35, 35, 34, 34, 34, 33, 33, 32, 32, 32, 31, 31, 31,
  33                                 30, 30, 29, 29, 29, 28, 28, 28, 27, 27, 27, 26, 26, 26, 25, 25,
  34                                 24, 24, 24, 23, 23, 23, 22, 22, 22, 21, 21, 21, 20, 20, 20, 19,
  35                                 19, 19, 18, 18, 18, 17, 17, 16, 16, 16, 15, 15, 15, 14, 14, 14,
  36                                 13, 13, 13, 12, 12, 12, 11, 11, 11, 10, 10, 9, 9, 9, 8, 8, 8, 7,
  37                                 7, 7, 6, 6, 5, 5, 54, 4, 3, 3, 3, 2, 2, 1, 1, 1, 0, 0, -1, -1, -1,
  38                                 -2, -2, -3, -3, -4, -4, -5, -5, -6, -6, -7, -7, -8, -8, -9, -9,
  39                                 -10, -10, -11, -11, -12, -13, -13, -14, -14, -15, -16, -16, -17,
  40                                 -18, -19, -19, -20, -21, -22, -23, -24, -25, -26, -27, -28, -29,
  41                                 -30, -32, -33, -35, -36, -38, -40, -43, -46, -50, -55, -63, 361};
  42          
  43          struct_ADC temp;
  44          int sum = 0, countdown = 100;
  45          unsigned char buffer_adc[2] = {0, 0}; //ÈÈ ¹â
  46          
  47          void calc_temp_and_light()
  48          {
  49   1          temp = GetADC();
  50   1              buffer_adc[1] = temp.Rop;
  51   1          if (countdown)
  52   1          {
  53   2              countdown--;
  54   2              sum += temp.Rt >> 2;
C51 COMPILER V9.51   LIGHT                                                                 09/06/2024 13:38:41 PAGE 2   

  55   2          }
  56   1          else
  57   1          {
  58   2              sum = tempdata[sum / 100];
  59   2                      buffer_adc[0] = sum;
  60   2                      
  61   2              sum = 0;
  62   2              countdown = 100;
  63   2          }
  64   1      }
  65          
  66          
  67          
  68          void init_light()
  69          {
  70   1              AdcInit(ADCexpEXT);
  71   1              SetEventCallBack(enumEventSys10mS, calc_temp_and_light);
  72   1      }
  73          


MODULE INFORMATION:   STATIC OVERLAYABLE
   CODE SIZE        =    122    ----
   CONSTANT SIZE    =    508    ----
   XDATA SIZE       =   ----    ----
   PDATA SIZE       =   ----    ----
   DATA SIZE        =     16    ----
   IDATA SIZE       =   ----    ----
   BIT SIZE         =   ----    ----
END OF MODULE INFORMATION.


C51 COMPILATION COMPLETE.  0 WARNING(S),  0 ERROR(S)
