C51 COMPILER V9.51   MAIN                                                                  09/06/2024 13:38:41 PAGE 1   


C51 COMPILER V9.51, COMPILATION OF MODULE MAIN
OBJECT MODULE PLACED IN main.obj
COMPILER INVOKED BY: D:\My_repositories\dcpt2\STC_bin\c51\C51\BIN\C51.EXE source\main.c BROWSE INCDIR(.\inc) DEBUG OBJEC
                    -TEXTEND PRINT(.\main.lst) OBJECT(main.obj)

line level    source

   1          #include "STC15F2K60S2.H"
   2          #include "motor.h"
   3          #include "btooth.h"
   4          #include "dis.h"
   5          #include "btn.h"
   6          #include "buzzer.h"
   7          #include "ir_re.h"
   8          #include "vibration.h"
   9          #include "light.h"
  10          
  11          #include "direct.h"
  12          #include "speed.h"
  13          #include "model.h"
  14          
  15          
  16          #include "uart2.h"
  17          #include "uart1.h"
  18          #include "sys.H"                 
  19          #include "Key.h"
  20          #include "displayer.H" 
  21          #include "Beep.h"
  22          #include "ir.h"
  23          #include "vib.H"
  24          
  25          code unsigned long SysClock = 11059200; // System clock frequency (Hz), used for timing calculations
  26          
  27          enum model my_model = rs485;
  28          
  29          void main()
  30          {
  31   1      
  32   1              init_motor();
  33   1              init_dis();
  34   1              init_btn();
  35   1              init_buzzer();
  36   1              init_vib();
  37   1              init_light();
  38   1              
  39   1      
  40   1      
  41   1              MySTC_Init();
  42   1          while (1)
  43   1          {
  44   2              MySTC_OS();
  45   2          }
  46   1      
  47   1      }


MODULE INFORMATION:   STATIC OVERLAYABLE
   CODE SIZE        =     26    ----
   CONSTANT SIZE    =      4    ----
   XDATA SIZE       =   ----    ----
   PDATA SIZE       =   ----    ----
C51 COMPILER V9.51   MAIN                                                                  09/06/2024 13:38:41 PAGE 2   

   DATA SIZE        =      1    ----
   IDATA SIZE       =   ----    ----
   BIT SIZE         =   ----    ----
END OF MODULE INFORMATION.


C51 COMPILATION COMPLETE.  0 WARNING(S),  0 ERROR(S)
