C51 COMPILER V9.51   PWM                                                                   09/03/2024 21:09:00 PAGE 1   


C51 COMPILER V9.51, COMPILATION OF MODULE PWM
OBJECT MODULE PLACED IN pwm.obj
COMPILER INVOKED BY: D:\My_repositories\dcpt2\STC_bin\c51\C51\BIN\C51.EXE source\pwm.c BROWSE DEBUG OBJECTEXTEND PRINT(.
                    -\pwm.lst) OBJECT(pwm.obj)

line level    source

   1          // #include "pwm.h"
   2          // #include "motor.h"
   3          
   4          // // 私有数据成员
   5          // static unsigned char Counter = 0;
   6          // static unsigned char Compare = 0;
   7          
   8          
   9          // // 公有函数
  10          // void pwm(func_ptr go_car) {
  11          
  12          //     Counter++;
  13          //     Counter %= 100;
  14          //     if (Counter < Compare) {
  15          //         go_car();
  16          //     } else {
  17          //         stop();
  18          //     }
  19          // }


MODULE INFORMATION:   STATIC OVERLAYABLE
   CODE SIZE        =   ----    ----
   CONSTANT SIZE    =   ----    ----
   XDATA SIZE       =   ----    ----
   PDATA SIZE       =   ----    ----
   DATA SIZE        =   ----    ----
   IDATA SIZE       =   ----    ----
   BIT SIZE         =   ----    ----
END OF MODULE INFORMATION.


C51 COMPILATION COMPLETE.  0 WARNING(S),  0 ERROR(S)
